<?xml version="1.0" encoding="UTF-8"?>
<testng-results ignored="0" total="1" passed="1" failed="0" skipped="0">
  <reporter-output>
  </reporter-output>
  <suite started-at="2026-06-10T11:43:34 IST" name="Default suite" finished-at="2026-06-10T11:43:37 IST" duration-ms="3439">
    <groups>
    </groups>
    <test started-at="2026-06-10T11:43:34 IST" name="Default test" finished-at="2026-06-10T11:43:37 IST" duration-ms="3439">
      <class name="com.bankdemo.qa.testcases.LoginPageTest">
        <test-method is-config="true" signature="setup()[pri:0, instance:com.bankdemo.qa.testcases.LoginPageTest@5f354bcf]" started-at="2026-06-10T11:43:34 IST" name="setup" finished-at="2026-06-10T11:43:36 IST" duration-ms="2320" status="PASS">
          <reporter-output>
          </reporter-output>
        </test-method> <!-- setup -->
        <test-method signature="loginTest()[pri:0, instance:com.bankdemo.qa.testcases.LoginPageTest@5f354bcf]" started-at="2026-06-10T11:43:36 IST" name="loginTest" finished-at="2026-06-10T11:43:37 IST" duration-ms="731" status="PASS">
          <reporter-output>
          </reporter-output>
        </test-method> <!-- loginTest -->
        <test-method is-config="true" signature="teardown()[pri:0, instance:com.bankdemo.qa.testcases.LoginPageTest@5f354bcf]" started-at="2026-06-10T11:43:37 IST" name="teardown" finished-at="2026-06-10T11:43:37 IST" duration-ms="347" status="PASS">
          <reporter-output>
          </reporter-output>
        </test-method> <!-- teardown -->
      </class> <!-- com.bankdemo.qa.testcases.LoginPageTest -->
    </test> <!-- Default test -->
  </suite> <!-- Default suite -->
</testng-results>
